2026-03-06 13:58:16,701 - INFO - 开始执行同步任务: job_1772776696
2026-03-06 13:58:16,701 - INFO - 手动触发同步任务
2026-03-06 13:58:16,702 - INFO - 开始数据同步任务
2026-03-06 13:58:33,513 - INFO - 开始执行同步任务: job_1772776713
2026-03-06 13:58:33,514 - INFO - 开始数据同步任务
2026-03-06 13:58:34,523 - INFO - 销售记录API响应状态: sucess
2026-03-06 13:58:34,523 - INFO - 销售记录API响应消息: 获取零售单据列表数据成功
2026-03-06 13:58:35,515 - INFO - 销售记录明细API响应状态: sucess
2026-03-06 13:58:35,515 - INFO - 销售记录明细API响应消息: 获取零售商品明细列表数据成功
2026-03-06 13:58:35,519 - INFO - 数据库配置 - host: localhost, port: 5432, database: EShopDB, user: postgres
2026-03-06 13:58:35,575 - INFO - 数据库连接成功，版本: ('PostgreSQL 18.1 on x86_64-windows, compiled by msvc-19.44.35221, 64-bit',)
2026-03-06 13:58:35,575 - INFO - 当前客户端编码: ('UTF8',)
2026-03-06 13:58:35,577 - INFO - 销售记录表创建成功
2026-03-06 13:58:35,577 - INFO - 销售记录明细表创建成功
2026-03-06 13:58:35,577 - INFO - API拉取日志表创建成功
2026-03-06 13:58:35,578 - INFO - 数据库初始化成功
2026-03-06 13:58:35,578 - INFO - 开始同步销售记录数据
2026-03-06 13:58:35,581 - INFO - 销售记录 2026-03-03 的数据已经成功拉取过，跳过
2026-03-06 13:58:35,581 - INFO - 销售记录 2026-03-04 的数据已经成功拉取过，跳过
2026-03-06 13:58:35,581 - INFO - 销售记录 2026-03-05 的数据已经成功拉取过，跳过
2026-03-06 13:58:35,582 - INFO - 销售记录 2026-03-06 的数据已经成功拉取过，跳过
2026-03-06 13:58:35,582 - INFO - 开始同步销售记录明细数据
2026-03-06 13:58:35,582 - INFO - 销售记录明细 2026-03-03 的数据已经成功拉取过，跳过
2026-03-06 13:58:35,583 - INFO - 销售记录明细 2026-03-04 的数据已经成功拉取过，跳过
2026-03-06 13:58:35,583 - INFO - 销售记录明细 2026-03-05 的数据已经成功拉取过，跳过
2026-03-06 13:58:35,583 - INFO - 销售记录明细 2026-03-06 的数据已经成功拉取过，跳过
2026-03-06 13:58:35,584 - INFO - 数据库连接已关闭
2026-03-06 13:58:35,584 - INFO - 数据库连接已关闭
2026-03-06 13:58:35,584 - INFO - 数据拉取和保存完成
2026-03-06 13:58:35,584 - INFO - 同步任务执行完成: job_1772776713, 状态: success, 耗时: 2.070919秒
2026-03-06 13:58:35,584 - INFO - 手动触发同步任务
2026-03-06 13:59:18,897 - INFO - 开始执行同步任务: job_1772776758
2026-03-06 13:59:18,897 - INFO - 开始数据同步任务
2026-03-06 13:59:19,900 - INFO - 销售记录API响应状态: sucess
2026-03-06 13:59:19,900 - INFO - 销售记录API响应消息: 获取零售单据列表数据成功
2026-03-06 13:59:21,182 - INFO - 销售记录明细API响应状态: sucess
2026-03-06 13:59:21,183 - INFO - 销售记录明细API响应消息: 获取零售商品明细列表数据成功
2026-03-06 13:59:21,186 - INFO - 数据库配置 - host: localhost, port: 5432, database: EShopDB, user: postgres
2026-03-06 13:59:21,235 - INFO - 数据库连接成功，版本: ('PostgreSQL 18.1 on x86_64-windows, compiled by msvc-19.44.35221, 64-bit',)
2026-03-06 13:59:21,236 - INFO - 当前客户端编码: ('UTF8',)
2026-03-06 13:59:21,237 - INFO - 销售记录表创建成功
2026-03-06 13:59:21,238 - INFO - 销售记录明细表创建成功
2026-03-06 13:59:21,238 - INFO - API拉取日志表创建成功
2026-03-06 13:59:21,238 - INFO - 数据库初始化成功
2026-03-06 13:59:21,238 - INFO - 开始同步销售记录数据
2026-03-06 13:59:21,241 - INFO - 销售记录 2026-03-03 的数据已经成功拉取过，跳过
2026-03-06 13:59:21,241 - INFO - 销售记录 2026-03-04 的数据已经成功拉取过，跳过
2026-03-06 13:59:21,242 - INFO - 销售记录 2026-03-05 的数据已经成功拉取过，跳过
2026-03-06 13:59:21,242 - INFO - 销售记录 2026-03-06 的数据已经成功拉取过，跳过
2026-03-06 13:59:21,242 - INFO - 开始同步销售记录明细数据
2026-03-06 13:59:21,243 - INFO - 销售记录明细 2026-03-03 的数据已经成功拉取过，跳过
2026-03-06 13:59:21,243 - INFO - 销售记录明细 2026-03-04 的数据已经成功拉取过，跳过
2026-03-06 13:59:21,243 - INFO - 销售记录明细 2026-03-05 的数据已经成功拉取过，跳过
2026-03-06 13:59:21,244 - INFO - 销售记录明细 2026-03-06 的数据已经成功拉取过，跳过
2026-03-06 13:59:21,244 - INFO - 数据库连接已关闭
2026-03-06 13:59:21,244 - INFO - 数据库连接已关闭
2026-03-06 13:59:21,244 - INFO - 数据拉取和保存完成
2026-03-06 13:59:21,245 - INFO - 同步任务执行完成: job_1772776758, 状态: success, 耗时: 2.347767秒
2026-03-06 13:59:21,245 - INFO - 成功保存任务历史，共 1 条记录
2026-03-06 13:59:21,246 - INFO - 手动触发同步任务
2026-03-06 13:59:30,183 - INFO - 成功加载任务历史，共 1 条记录
2026-03-06 14:01:38,069 - INFO - 成功加载任务历史，共 1 条记录
2026-03-06 14:01:38,073 - INFO - 设置定时任务，执行周期: 0 0 * * *
2026-03-06 14:01:38,074 - INFO - 已设置每天凌晨执行任务
2026-03-06 14:01:38,075 - INFO - 定时任务调度器启动成功
2026-03-06 14:04:01,137 - INFO - 定时任务调度器已停止
2026-03-09 11:21:10,035 - INFO - 成功加载任务历史，共 5 条记录
2026-03-09 11:28:27,551 - INFO - 成功加载任务历史，共 5 条记录
2026-03-09 19:21:02,809 - INFO - 成功加载任务历史，共 15 条记录
2026-03-11 11:53:02,418 - INFO - 成功加载任务历史，共 24 条记录
2026-03-11 11:53:02,433 - INFO - 开始执行任务 sync_vip: job_sync_vip_1773201182
2026-03-11 11:53:02,433 - INFO - 数据库配置 - host: localhost, port: 5432, database: EShopDB, user: postgres
2026-03-11 11:53:02,503 - INFO - 数据库连接成功，版本: ('PostgreSQL 18.1 on x86_64-windows, compiled by msvc-19.44.35221, 64-bit',)
2026-03-11 11:53:02,504 - INFO - 当前客户端编码: ('UTF8',)
2026-03-11 11:53:02,513 - INFO - 销售记录表创建成功
2026-03-11 11:53:02,513 - INFO - 销售记录明细表创建成功
2026-03-11 11:53:02,513 - INFO - API拉取日志表创建成功
2026-03-11 11:53:02,514 - INFO - 会员信息表创建成功
2026-03-11 11:53:02,514 - INFO - 商品档案表创建成功
2026-03-11 11:53:02,515 - INFO - 天气数据表创建成功
2026-03-11 11:53:02,515 - INFO - 数据库初始化成功
2026-03-11 11:53:02,515 - INFO - 开始同步会员信息数据（全量同步）
2026-03-11 11:53:02,532 - INFO - 会员信息表已清空
2026-03-11 11:53:02,532 - INFO - 已清空会员信息表，准备全量同步
2026-03-11 11:53:02,533 - INFO -   拉取第 1 页会员数据
2026-03-11 11:53:04,123 - INFO - 会员信息API响应状态: sucess
2026-03-11 11:53:04,124 - INFO - 会员信息API响应消息: 获取会员信息成功
2026-03-11 11:53:04,190 - INFO - 会员信息数据保存到数据库完成，共 50 条
2026-03-11 11:53:05,190 - INFO -   拉取第 2 页会员数据
2026-03-11 11:53:06,178 - INFO - 会员信息API响应状态: sucess
2026-03-11 11:53:06,178 - INFO - 会员信息API响应消息: 获取会员信息成功
2026-03-11 11:53:06,210 - INFO - 会员信息数据保存到数据库完成，共 50 条
2026-03-11 11:53:07,211 - INFO -   拉取第 3 页会员数据
2026-03-11 11:53:08,085 - INFO - 会员信息API响应状态: sucess
2026-03-11 11:53:08,086 - INFO - 会员信息API响应消息: 获取会员信息成功
2026-03-11 11:53:08,115 - INFO - 会员信息数据保存到数据库完成，共 50 条
2026-03-11 11:53:09,116 - INFO -   拉取第 4 页会员数据
2026-03-11 11:53:10,477 - INFO - 会员信息API响应状态: sucess
2026-03-11 11:53:10,478 - INFO - 会员信息API响应消息: 获取会员信息成功
2026-03-11 11:53:10,507 - INFO - 会员信息数据保存到数据库完成，共 50 条
2026-03-11 11:53:11,508 - INFO -   拉取第 5 页会员数据
2026-03-11 11:53:12,320 - INFO - 会员信息API响应状态: sucess
2026-03-11 11:53:12,321 - INFO - 会员信息API响应消息: 获取会员信息成功
2026-03-11 11:53:12,355 - INFO - 会员信息数据保存到数据库完成，共 42 条
2026-03-11 11:53:12,377 - INFO - 会员信息数据已保存到 data/vip_info_2026-03-11.json，共 242 条
2026-03-11 11:53:12,389 - INFO - API拉取日志已保存: vip_info, 2026-03-11, success, 242
2026-03-11 11:53:12,389 - INFO - 会员信息全量同步完成，共 242 条
2026-03-11 11:53:12,390 - INFO - 数据库连接已关闭
2026-03-11 11:53:12,390 - INFO - 任务 sync_vip 执行完成: job_sync_vip_1773201182, 状态: success, 耗时: 9.957176秒
2026-03-11 11:53:12,391 - INFO - 成功保存任务历史，共 25 条记录
2026-03-11 11:53:12,391 - INFO - 手动触发任务: sync_vip
